Using pre-set license
Built from '2020.3/staging' branch; Version is '2020.3.29f1 (2ff179115da0) revision 3142009'; Using compiler version '192528614'; Build Type 'Release'
OS: 'Windows 10  (10.0.19044) 64bit Core' Language: 'ko' Physical Memory: 32697 MB
BatchMode: 1, IsHumanControllingUs: 0, StartBugReporterOnCrash: 0, Is64bit: 1, IsPro: 0

COMMAND LINE ARGUMENTS:
C:\Program Files\Unity\Hub\Editor\2020.3.29f1\Editor\Unity.exe
-adb2
-batchMode
-noUpm
-name
AssetImportWorker0
-projectPath
C:/Users/User/Desktop/쳐라쳐라매우쳐라/HitItHitIt/HitItHItIt
-logFile
Logs/AssetImportWorker0.log
-srvPort
5095
Successfully changed project path to: C:/Users/User/Desktop/쳐라쳐라매우쳐라/HitItHitIt/HitItHItIt
C:/Users/User/Desktop/쳐라쳐라매우쳐라/HitItHitIt/HitItHItIt
Using Asset Import Pipeline V2.
Refreshing native plugins compatible for Editor in 33.44 ms, found 3 plugins.
Preloading 0 native plugins for Editor in 0.00 ms.
Initialize engine version: 2020.3.29f1 (2ff179115da0)
[Subsystems] Discovering subsystems at path C:/Program Files/Unity/Hub/Editor/2020.3.29f1/Editor/Data/Resources/UnitySubsystems
[Subsystems] Discovering subsystems at path C:/Users/User/Desktop/쳐라쳐라매우쳐라/HitItHitIt/HitItHItIt/Assets
GfxDevice: creating device client; threaded=0
Direct3D:
    Version:  Direct3D 11.0 [level 11.1]
    Renderer: NVIDIA GeForce GT 1030 (ID=0x1d01)
    Vendor:   
    VRAM:     1982 MB
    Driver:   27.21.14.5671
Initialize mono
Mono path[0] = 'C:/Program Files/Unity/Hub/Editor/2020.3.29f1/Editor/Data/Managed'
Mono path[1] = 'C:/Program Files/Unity/Hub/Editor/2020.3.29f1/Editor/Data/MonoBleedingEdge/lib/mono/unityjit'
Mono config path = 'C:/Program Files/Unity/Hub/Editor/2020.3.29f1/Editor/Data/MonoBleedingEdge/etc'
Using monoOptions --debugger-agent=transport=dt_socket,embedding=1,server=y,suspend=n,address=127.0.0.1:56976
Begin MonoManager ReloadAssembly
Registering precompiled unity dll's ...
Register platform support module: C:/Program Files/Unity/Hub/Editor/2020.3.29f1/Editor/Data/PlaybackEngines/WebGLSupport/UnityEditor.WebGL.Extensions.dll
Register platform support module: C:/Program Files/Unity/Hub/Editor/2020.3.29f1/Editor/Data/PlaybackEngines/WindowsStandaloneSupport/UnityEditor.WindowsStandalone.Extensions.dll
Registered in 0.002989 seconds.
Native extension for WindowsStandalone target not found
Native extension for WebGL target not found
Refreshing native plugins compatible for Editor in 32.81 ms, found 3 plugins.
Preloading 0 native plugins for Editor in 0.00 ms.
Mono: successfully reloaded assembly
- Completed reload, in  0.475 seconds
Domain Reload Profiling:
	ReloadAssembly (475ms)
		BeginReloadAssembly (64ms)
			ExecutionOrderSort (0ms)
			DisableScriptedObjects (0ms)
			BackupInstance (0ms)
			ReleaseScriptingObjects (0ms)
			CreateAndSetChildDomain (1ms)
		EndReloadAssembly (349ms)
			LoadAssemblies (62ms)
			RebuildTransferFunctionScriptingTraits (0ms)
			SetupTypeCache (114ms)
			ReleaseScriptCaches (0ms)
			RebuildScriptCaches (24ms)
			SetupLoadedEditorAssemblies (133ms)
				LogAssemblyErrors (0ms)
				InitializePlatformSupportModulesInManaged (4ms)
				SetLoadedEditorAssemblies (0ms)
				RefreshPlugins (33ms)
				BeforeProcessingInitializeOnLoad (12ms)
				ProcessInitializeOnLoadAttributes (62ms)
				ProcessInitializeOnLoadMethodAttributes (21ms)
				AfterProcessingInitializeOnLoad (0ms)
				EditorAssembliesLoaded (0ms)
			ExecutionOrderSort2 (0ms)
			AwakeInstancesAfterBackupRestoration (0ms)
Platform modules already initialized, skipping
Registering precompiled user dll's ...
Registered in 0.003750 seconds.
Begin MonoManager ReloadAssembly
Native extension for WindowsStandalone target not found
Native extension for WebGL target not found
Refreshing native plugins compatible for Editor in 31.99 ms, found 3 plugins.
Preloading 0 native plugins for Editor in 0.00 ms.
Mono: successfully reloaded assembly
- Completed reload, in  0.893 seconds
Domain Reload Profiling:
	ReloadAssembly (894ms)
		BeginReloadAssembly (134ms)
			ExecutionOrderSort (0ms)
			DisableScriptedObjects (4ms)
			BackupInstance (0ms)
			ReleaseScriptingObjects (0ms)
			CreateAndSetChildDomain (14ms)
		EndReloadAssembly (697ms)
			LoadAssemblies (96ms)
			RebuildTransferFunctionScriptingTraits (0ms)
			SetupTypeCache (221ms)
			ReleaseScriptCaches (0ms)
			RebuildScriptCaches (36ms)
			SetupLoadedEditorAssemblies (269ms)
				LogAssemblyErrors (0ms)
				InitializePlatformSupportModulesInManaged (4ms)
				SetLoadedEditorAssemblies (0ms)
				RefreshPlugins (32ms)
				BeforeProcessingInitializeOnLoad (64ms)
				ProcessInitializeOnLoadAttributes (147ms)
				ProcessInitializeOnLoadMethodAttributes (13ms)
				AfterProcessingInitializeOnLoad (8ms)
				EditorAssembliesLoaded (0ms)
			ExecutionOrderSort2 (0ms)
			AwakeInstancesAfterBackupRestoration (5ms)
Platform modules already initialized, skipping
========================================================================
Worker process is ready to serve import requests
Launched and connected shader compiler UnityShaderCompiler.exe after 0.03 seconds
Refreshing native plugins compatible for Editor in 0.39 ms, found 3 plugins.
Preloading 0 native plugins for Editor in 0.00 ms.
Unloading 2165 Unused Serialized files (Serialized files now loaded: 0)
System memory in use before: 97.6 MB.
System memory in use after: 97.7 MB.

Unloading 24 unused Assets to reduce memory usage. Loaded Objects now: 2603.
Total: 2.250800 ms (FindLiveObjects: 0.134700 ms CreateObjectMapping: 0.070600 ms MarkObjects: 1.996600 ms  DeleteObjects: 0.048200 ms)

AssetImportParameters requested are different than current active one (requested -> active):
  custom:framework-win-MediaFoundation: 216162199b28c13a410421893ffa2e32 -> 
  custom:video-decoder-ogg-theora: a1e56fd34408186e4bbccfd4996cb3dc -> 
  custom:container-muxer-webm: aa71ff27fc2769a1b78a27578f13a17b -> 
  custom:container-demuxer-webm: 4f35f7cbe854078d1ac9338744f61a02 -> 
  custom:container-demuxer-ogg: 62fdf1f143b41e24485cea50d1cbac27 -> 
  custom:video-encoder-webm-vp8: eb34c28f22e8b96e1ab97ce403110664 -> 
  custom:video-decoder-webm-vp8: 9c59270c3fd7afecdb556c50c9e8de78 -> 
  custom:audio-decoder-ogg-vorbis: bf7c407c2cedff20999df2af8eb42d56 -> 
  custom:audio-encoder-webm-vorbis: bf7c407c2cedff20999df2af8eb42d56 -> 
========================================================================
Received Import Request.
  path: Assets/Fonts
  artifactKey: Guid(fa412bcf5b3d9cf4282540521b450e3e) Importer(815301076,1909f56bfc062723c751e8b465ee728b)
Start importing Assets/Fonts using Guid(fa412bcf5b3d9cf4282540521b450e3e) Importer(815301076,1909f56bfc062723c751e8b465ee728b)  -> (artifact id: 'a8a464202da26adfaaf7e2e8be8db7b6') in 0.004879 seconds 
  Import took 0.007254 seconds .

========================================================================
Received Import Request.
  Time since last request: 0.000154 seconds.
  path: Assets/Resources
  artifactKey: Guid(ade2ac77d9bf75a44a59722e29ad6ab4) Importer(815301076,1909f56bfc062723c751e8b465ee728b)
Start importing Assets/Resources using Guid(ade2ac77d9bf75a44a59722e29ad6ab4) Importer(815301076,1909f56bfc062723c751e8b465ee728b)  -> (artifact id: 'b20e9f84ba7d16c8f1898ef84c4664e9') in 0.002536 seconds 
  Import took 0.007097 seconds .

========================================================================
Received Import Request.
  Time since last request: 0.000240 seconds.
  path: Assets/Resources/Sounds
  artifactKey: Guid(765d3948903a861478c9651c440ab630) Importer(815301076,1909f56bfc062723c751e8b465ee728b)
Start importing Assets/Resources/Sounds using Guid(765d3948903a861478c9651c440ab630) Importer(815301076,1909f56bfc062723c751e8b465ee728b)  -> (artifact id: 'd9382002fe11ce440f142b8e3908eace') in 0.002453 seconds 
  Import took 0.004736 seconds .

========================================================================
Received Import Request.
  Time since last request: 0.000268 seconds.
  path: Assets/Resources/Sounds/background0.mp3
  artifactKey: Guid(b1dfb0f350dcfd8468b9d3dfe488cab3) Importer(815301076,1909f56bfc062723c751e8b465ee728b)
Start importing Assets/Resources/Sounds/background0.mp3 using Guid(b1dfb0f350dcfd8468b9d3dfe488cab3) Importer(815301076,1909f56bfc062723c751e8b465ee728b)  -> (artifact id: 'd54c8284d7c66620723461fd89088df5') in 0.064880 seconds 
  Import took 0.067358 seconds .

========================================================================
Received Import Request.
  Time since last request: 0.000231 seconds.
  path: Assets/Resources/Sounds/AudioMixer.mixer
  artifactKey: Guid(6f691e8d5132ab84b8c2c5887496e390) Importer(815301076,1909f56bfc062723c751e8b465ee728b)
Start importing Assets/Resources/Sounds/AudioMixer.mixer using Guid(6f691e8d5132ab84b8c2c5887496e390) Importer(815301076,1909f56bfc062723c751e8b465ee728b)  -> (artifact id: '2563eae36a2a841f853713c285ed6a9b') in 0.004927 seconds 
  Import took 0.007308 seconds .

========================================================================
Received Import Request.
  Time since last request: 103.365167 seconds.
  path: Assets/Resources/Sounds/8bit-light.mp3
  artifactKey: Guid(12d9426d108c20547a0737fb9f793707) Importer(815301076,1909f56bfc062723c751e8b465ee728b)
Start importing Assets/Resources/Sounds/8bit-light.mp3 using Guid(12d9426d108c20547a0737fb9f793707) Importer(815301076,1909f56bfc062723c751e8b465ee728b)  -> (artifact id: '53be4e9fb11ea4271dfe2b979d1f6fea') in 0.009269 seconds 
  Import took 0.012435 seconds .

========================================================================
Received Import Request.
  Time since last request: 314.386712 seconds.
  path: Assets/Resources/Sounds/8bit-light.mp3
  artifactKey: Guid(12d9426d108c20547a0737fb9f793707) Importer(815301076,1909f56bfc062723c751e8b465ee728b)
Start importing Assets/Resources/Sounds/8bit-light.mp3 using Guid(12d9426d108c20547a0737fb9f793707) Importer(815301076,1909f56bfc062723c751e8b465ee728b)  -> (artifact id: 'cc8cf32dbc659d660fe1d39bbfb06670') in 0.008740 seconds 
  Import took 0.011955 seconds .

========================================================================
Received Import Request.
  Time since last request: 94.742721 seconds.
  path: Assets/Scripts/SoundMgr.cs
  artifactKey: Guid(e1f9aa8cbb624c24fa1dc99edd1bdcd0) Importer(815301076,1909f56bfc062723c751e8b465ee728b)
Start importing Assets/Scripts/SoundMgr.cs using Guid(e1f9aa8cbb624c24fa1dc99edd1bdcd0) Importer(815301076,1909f56bfc062723c751e8b465ee728b)  -> (artifact id: 'dcea1d1c36d035ddf78ebe6b4f9a5518') in 0.004788 seconds 
  Import took 0.007446 seconds .

========================================================================
Received Import Request.
  Time since last request: 194.158213 seconds.
  path: Assets/Resources/Sounds/NewAudioMixer.mixer
  artifactKey: Guid(7fdfaff6e0598624a96e0dc2a614b8f2) Importer(815301076,1909f56bfc062723c751e8b465ee728b)
Start importing Assets/Resources/Sounds/NewAudioMixer.mixer using Guid(7fdfaff6e0598624a96e0dc2a614b8f2) Importer(815301076,1909f56bfc062723c751e8b465ee728b)  -> (artifact id: '969a06c9f11f2027d3fcdd4bd9704905') in 0.003665 seconds 
  Import took 0.006619 seconds .

========================================================================
Received Import Request.
  Time since last request: 85.272996 seconds.
  path: Assets/Resources/Sounds/background 0.mp3
  artifactKey: Guid(12d9426d108c20547a0737fb9f793707) Importer(815301076,1909f56bfc062723c751e8b465ee728b)
Start importing Assets/Resources/Sounds/background 0.mp3 using Guid(12d9426d108c20547a0737fb9f793707) Importer(815301076,1909f56bfc062723c751e8b465ee728b)  -> (artifact id: 'fa9238d01701b99cb3a3c780f839ab4f') in 0.009691 seconds 
  Import took 0.012714 seconds .

========================================================================
Received Import Request.
  Time since last request: 21.356886 seconds.
  path: Assets/Resources/Sounds/background 0.mp3
  artifactKey: Guid(12d9426d108c20547a0737fb9f793707) Importer(815301076,1909f56bfc062723c751e8b465ee728b)
Start importing Assets/Resources/Sounds/background 0.mp3 using Guid(12d9426d108c20547a0737fb9f793707) Importer(815301076,1909f56bfc062723c751e8b465ee728b)  -> (artifact id: 'd32998decf24e28ecc2f4723d007fd42') in 0.008530 seconds 
  Import took 0.011372 seconds .

========================================================================
Received Prepare
Registering precompiled user dll's ...
Registered in 0.003774 seconds.
Begin MonoManager ReloadAssembly
Native extension for WindowsStandalone target not found
Native extension for WebGL target not found
Refreshing native plugins compatible for Editor in 0.72 ms, found 3 plugins.
Preloading 0 native plugins for Editor in 0.00 ms.
Mono: successfully reloaded assembly
- Completed reload, in  0.850 seconds
Domain Reload Profiling:
	ReloadAssembly (850ms)
		BeginReloadAssembly (114ms)
			ExecutionOrderSort (0ms)
			DisableScriptedObjects (5ms)
			BackupInstance (0ms)
			ReleaseScriptingObjects (0ms)
			CreateAndSetChildDomain (29ms)
		EndReloadAssembly (681ms)
			LoadAssemblies (99ms)
			RebuildTransferFunctionScriptingTraits (0ms)
			SetupTypeCache (231ms)
			ReleaseScriptCaches (1ms)
			RebuildScriptCaches (34ms)
			SetupLoadedEditorAssemblies (250ms)
				LogAssemblyErrors (0ms)
				InitializePlatformSupportModulesInManaged (5ms)
				SetLoadedEditorAssemblies (1ms)
				RefreshPlugins (1ms)
				BeforeProcessingInitializeOnLoad (81ms)
				ProcessInitializeOnLoadAttributes (144ms)
				ProcessInitializeOnLoadMethodAttributes (9ms)
				AfterProcessingInitializeOnLoad (9ms)
				EditorAssembliesLoaded (0ms)
			ExecutionOrderSort2 (0ms)
			AwakeInstancesAfterBackupRestoration (7ms)
Platform modules already initialized, skipping
Refreshing native plugins compatible for Editor in 0.39 ms, found 3 plugins.
Preloading 0 native plugins for Editor in 0.00 ms.
Unloading 2154 Unused Serialized files (Serialized files now loaded: 0)
System memory in use before: 100.0 MB.
System memory in use after: 100.1 MB.

Unloading 13 unused Assets to reduce memory usage. Loaded Objects now: 2614.
Total: 2.231500 ms (FindLiveObjects: 0.139900 ms CreateObjectMapping: 0.075400 ms MarkObjects: 2.001200 ms  DeleteObjects: 0.014100 ms)

AssetImportParameters requested are different than current active one (requested -> active):
  custom:framework-win-MediaFoundation: 216162199b28c13a410421893ffa2e32 -> 
  custom:video-decoder-ogg-theora: a1e56fd34408186e4bbccfd4996cb3dc -> 
  custom:container-muxer-webm: aa71ff27fc2769a1b78a27578f13a17b -> 
  custom:container-demuxer-webm: 4f35f7cbe854078d1ac9338744f61a02 -> 
  custom:container-demuxer-ogg: 62fdf1f143b41e24485cea50d1cbac27 -> 
  custom:video-encoder-webm-vp8: eb34c28f22e8b96e1ab97ce403110664 -> 
  custom:video-decoder-webm-vp8: 9c59270c3fd7afecdb556c50c9e8de78 -> 
  custom:audio-decoder-ogg-vorbis: bf7c407c2cedff20999df2af8eb42d56 -> 
  custom:audio-encoder-webm-vorbis: bf7c407c2cedff20999df2af8eb42d56 -> 
========================================================================
Received Prepare
Registering precompiled user dll's ...
Registered in 0.003592 seconds.
Begin MonoManager ReloadAssembly
Native extension for WindowsStandalone target not found
Native extension for WebGL target not found
Refreshing native plugins compatible for Editor in 0.39 ms, found 3 plugins.
Preloading 0 native plugins for Editor in 0.00 ms.
Mono: successfully reloaded assembly
- Completed reload, in  0.791 seconds
Domain Reload Profiling:
	ReloadAssembly (792ms)
		BeginReloadAssembly (104ms)
			ExecutionOrderSort (0ms)
			DisableScriptedObjects (5ms)
			BackupInstance (0ms)
			ReleaseScriptingObjects (0ms)
			CreateAndSetChildDomain (25ms)
		EndReloadAssembly (637ms)
			LoadAssemblies (93ms)
			RebuildTransferFunctionScriptingTraits (0ms)
			SetupTypeCache (214ms)
			ReleaseScriptCaches (1ms)
			RebuildScriptCaches (33ms)
			SetupLoadedEditorAssemblies (234ms)
				LogAssemblyErrors (0ms)
				InitializePlatformSupportModulesInManaged (5ms)
				SetLoadedEditorAssemblies (0ms)
				RefreshPlugins (0ms)
				BeforeProcessingInitializeOnLoad (77ms)
				ProcessInitializeOnLoadAttributes (135ms)
				ProcessInitializeOnLoadMethodAttributes (8ms)
				AfterProcessingInitializeOnLoad (8ms)
				EditorAssembliesLoaded (0ms)
			ExecutionOrderSort2 (0ms)
			AwakeInstancesAfterBackupRestoration (7ms)
Platform modules already initialized, skipping
Refreshing native plugins compatible for Editor in 0.36 ms, found 3 plugins.
Preloading 0 native plugins for Editor in 0.00 ms.
Unloading 2154 Unused Serialized files (Serialized files now loaded: 0)
System memory in use before: 100.1 MB.
System memory in use after: 100.2 MB.

Unloading 13 unused Assets to reduce memory usage. Loaded Objects now: 2616.
Total: 2.191600 ms (FindLiveObjects: 0.130700 ms CreateObjectMapping: 0.071000 ms MarkObjects: 1.975200 ms  DeleteObjects: 0.014000 ms)

AssetImportParameters requested are different than current active one (requested -> active):
  custom:framework-win-MediaFoundation: 216162199b28c13a410421893ffa2e32 -> 
  custom:video-decoder-ogg-theora: a1e56fd34408186e4bbccfd4996cb3dc -> 
  custom:container-muxer-webm: aa71ff27fc2769a1b78a27578f13a17b -> 
  custom:container-demuxer-webm: 4f35f7cbe854078d1ac9338744f61a02 -> 
  custom:container-demuxer-ogg: 62fdf1f143b41e24485cea50d1cbac27 -> 
  custom:video-encoder-webm-vp8: eb34c28f22e8b96e1ab97ce403110664 -> 
  custom:video-decoder-webm-vp8: 9c59270c3fd7afecdb556c50c9e8de78 -> 
  custom:audio-decoder-ogg-vorbis: bf7c407c2cedff20999df2af8eb42d56 -> 
  custom:audio-encoder-webm-vorbis: bf7c407c2cedff20999df2af8eb42d56 -> 
AssetImportWorkerClient::OnTransportError - code=2 error=End of file
